
*** Running vivado
    with args -log floating_point_0.vds -m64 -product Vivado -mode batch -messageDb vivado.pb -notrace -source floating_point_0.tcl


ECHO is off.
ECHO is off.

****** Vivado v2023.2 (64-bit)
  **** SW Build 4029153 on Fri Oct 13 20:14:34 MDT 2023
  **** IP Build 4028589 on Sat Oct 14 00:45:43 MDT 2023
  **** SharedData Build 4025554 on Tue Oct 10 17:18:54 MDT 2023
    ** Copyright 1986-2022 Xilinx, Inc. All Rights Reserved.
    ** Copyright 2022-2023 Advanced Micro Devices, Inc. All Rights Reserved.

source floating_point_0.tcl -notrace
INFO: [IP_Flow 19-6924] IPCACHE: Running cache check for IP inst: floating_point_0
Command: synth_design -top floating_point_0 -part xc7a35tcpg236-1 -incremental_mode off -mode out_of_context
Starting synth_design
Attempting to get a license for feature 'Synthesis' and/or device 'xc7a35t'
INFO: [Common 17-349] Got license for feature 'Synthesis' and/or device 'xc7a35t'
INFO: [Device 21-403] Loading part xc7a35tcpg236-1
INFO: [Synth 8-7079] Multithreading enabled for synth_design using a maximum of 2 processes.
INFO: [Synth 8-7078] Launching helper process for spawning children vivado processes
INFO: [Synth 8-7075] Helper process launched with PID 37364
---------------------------------------------------------------------------------
Starting RTL Elaboration : Time (s): cpu = 00:00:10 ; elapsed = 00:00:10 . Memory (MB): peak = 1346.738 ; gain = 439.508
---------------------------------------------------------------------------------
INFO: [Synth 8-6157] synthesizing module 'floating_point_0' [e:/Seth stuff/Thesis/Thesis/Thesis.gen/sources_1/ip/floating_point_0/synth/floating_point_0.v:53]
INFO: [Synth 8-6157] synthesizing module 'LUT1' [E:/Xilinx/Vivado/2023.2/Vivado/2023.2/scripts/rt/data/unisim_comp.v:81293]
INFO: [Synth 8-6155] done synthesizing module 'LUT1' (0#1) [E:/Xilinx/Vivado/2023.2/Vivado/2023.2/scripts/rt/data/unisim_comp.v:81293]
INFO: [Synth 8-6155] done synthesizing module 'floating_point_0' (0#1) [e:/Seth stuff/Thesis/Thesis/Thesis.gen/sources_1/ip/floating_point_0/synth/floating_point_0.v:53]
WARNING: [Synth 8-7129] Port CLK in module xbip_pipe_v3_0_7_viv__parameterized3 is either unconnected or has no load
WARNING: [Synth 8-7129] Port CE in module xbip_pipe_v3_0_7_viv__parameterized3 is either unconnected or has no load
WARNING: [Synth 8-7129] Port SCLR in module xbip_pipe_v3_0_7_viv__parameterized3 is either unconnected or has no load
WARNING: [Synth 8-7129] Port SSET in module xbip_pipe_v3_0_7_viv__parameterized3 is either unconnected or has no load
WARNING: [Synth 8-7129] Port SINIT in module xbip_pipe_v3_0_7_viv__parameterized3 is either unconnected or has no load
WARNING: [Synth 8-7129] Port CLK in module xbip_pipe_v3_0_7_viv__parameterized55 is either unconnected or has no load
WARNING: [Synth 8-7129] Port CE in module xbip_pipe_v3_0_7_viv__parameterized55 is either unconnected or has no load
WARNING: [Synth 8-7129] Port SCLR in module xbip_pipe_v3_0_7_viv__parameterized55 is either unconnected or has no load
WARNING: [Synth 8-7129] Port SSET in module xbip_pipe_v3_0_7_viv__parameterized55 is either unconnected or has no load
WARNING: [Synth 8-7129] Port SINIT in module xbip_pipe_v3_0_7_viv__parameterized55 is either unconnected or has no load
WARNING: [Synth 8-7129] Port DEC_OP_STATE[11] in module flt_dec_op is either unconnected or has no load
WARNING: [Synth 8-7129] Port DEC_OP_STATE[10] in module flt_dec_op is either unconnected or has no load
WARNING: [Synth 8-7129] Port DEC_OP_STATE[9] in module flt_dec_op is either unconnected or has no load
WARNING: [Synth 8-7129] Port DEC_OP_STATE[8] in module flt_dec_op is either unconnected or has no load
WARNING: [Synth 8-7129] Port CLK in module flt_dec_op is either unconnected or has no load
WARNING: [Synth 8-7129] Port CE in module flt_dec_op is either unconnected or has no load
WARNING: [Synth 8-7129] Port SCLR in module xbip_pipe_v3_0_7_viv__parameterized37 is either unconnected or has no load
WARNING: [Synth 8-7129] Port SSET in module xbip_pipe_v3_0_7_viv__parameterized37 is either unconnected or has no load
WARNING: [Synth 8-7129] Port SINIT in module xbip_pipe_v3_0_7_viv__parameterized37 is either unconnected or has no load
WARNING: [Synth 8-7129] Port CLK in module xbip_pipe_v3_0_7_viv__parameterized35 is either unconnected or has no load
WARNING: [Synth 8-7129] Port CE in module xbip_pipe_v3_0_7_viv__parameterized35 is either unconnected or has no load
WARNING: [Synth 8-7129] Port SCLR in module xbip_pipe_v3_0_7_viv__parameterized35 is either unconnected or has no load
WARNING: [Synth 8-7129] Port SSET in module xbip_pipe_v3_0_7_viv__parameterized35 is either unconnected or has no load
WARNING: [Synth 8-7129] Port SINIT in module xbip_pipe_v3_0_7_viv__parameterized35 is either unconnected or has no load
WARNING: [Synth 8-7129] Port B[8] in module carry_chain__parameterized3 is either unconnected or has no load
WARNING: [Synth 8-7129] Port CLK in module xbip_pipe_v3_0_7_viv__parameterized43 is either unconnected or has no load
WARNING: [Synth 8-7129] Port CE in module xbip_pipe_v3_0_7_viv__parameterized43 is either unconnected or has no load
WARNING: [Synth 8-7129] Port SCLR in module xbip_pipe_v3_0_7_viv__parameterized43 is either unconnected or has no load
WARNING: [Synth 8-7129] Port SSET in module xbip_pipe_v3_0_7_viv__parameterized43 is either unconnected or has no load
WARNING: [Synth 8-7129] Port SINIT in module xbip_pipe_v3_0_7_viv__parameterized43 is either unconnected or has no load
WARNING: [Synth 8-7129] Port CLK in module xbip_pipe_v3_0_7_viv__parameterized53 is either unconnected or has no load
WARNING: [Synth 8-7129] Port CE in module xbip_pipe_v3_0_7_viv__parameterized53 is either unconnected or has no load
WARNING: [Synth 8-7129] Port SCLR in module xbip_pipe_v3_0_7_viv__parameterized53 is either unconnected or has no load
WARNING: [Synth 8-7129] Port SSET in module xbip_pipe_v3_0_7_viv__parameterized53 is either unconnected or has no load
WARNING: [Synth 8-7129] Port SINIT in module xbip_pipe_v3_0_7_viv__parameterized53 is either unconnected or has no load
WARNING: [Synth 8-7129] Port CLK in module xbip_pipe_v3_0_7_viv__parameterized51 is either unconnected or has no load
WARNING: [Synth 8-7129] Port CE in module xbip_pipe_v3_0_7_viv__parameterized51 is either unconnected or has no load
WARNING: [Synth 8-7129] Port SCLR in module xbip_pipe_v3_0_7_viv__parameterized51 is either unconnected or has no load
WARNING: [Synth 8-7129] Port SSET in module xbip_pipe_v3_0_7_viv__parameterized51 is either unconnected or has no load
WARNING: [Synth 8-7129] Port SINIT in module xbip_pipe_v3_0_7_viv__parameterized51 is either unconnected or has no load
WARNING: [Synth 8-7129] Port CLK in module xbip_pipe_v3_0_7_viv__parameterized49 is either unconnected or has no load
WARNING: [Synth 8-7129] Port CE in module xbip_pipe_v3_0_7_viv__parameterized49 is either unconnected or has no load
WARNING: [Synth 8-7129] Port SCLR in module xbip_pipe_v3_0_7_viv__parameterized49 is either unconnected or has no load
WARNING: [Synth 8-7129] Port SSET in module xbip_pipe_v3_0_7_viv__parameterized49 is either unconnected or has no load
WARNING: [Synth 8-7129] Port SINIT in module xbip_pipe_v3_0_7_viv__parameterized49 is either unconnected or has no load
WARNING: [Synth 8-7129] Port CLK in module xbip_pipe_v3_0_7_viv__parameterized47 is either unconnected or has no load
WARNING: [Synth 8-7129] Port CE in module xbip_pipe_v3_0_7_viv__parameterized47 is either unconnected or has no load
WARNING: [Synth 8-7129] Port SCLR in module xbip_pipe_v3_0_7_viv__parameterized47 is either unconnected or has no load
WARNING: [Synth 8-7129] Port SSET in module xbip_pipe_v3_0_7_viv__parameterized47 is either unconnected or has no load
WARNING: [Synth 8-7129] Port SINIT in module xbip_pipe_v3_0_7_viv__parameterized47 is either unconnected or has no load
WARNING: [Synth 8-7129] Port SCLR in module xbip_pipe_v3_0_7_viv__parameterized31 is either unconnected or has no load
WARNING: [Synth 8-7129] Port SSET in module xbip_pipe_v3_0_7_viv__parameterized31 is either unconnected or has no load
WARNING: [Synth 8-7129] Port SINIT in module xbip_pipe_v3_0_7_viv__parameterized31 is either unconnected or has no load
WARNING: [Synth 8-7129] Port SCLR in module xbip_pipe_v3_0_7_viv__parameterized45 is either unconnected or has no load
WARNING: [Synth 8-7129] Port SSET in module xbip_pipe_v3_0_7_viv__parameterized45 is either unconnected or has no load
WARNING: [Synth 8-7129] Port SINIT in module xbip_pipe_v3_0_7_viv__parameterized45 is either unconnected or has no load
WARNING: [Synth 8-7129] Port SCLR in module xbip_pipe_v3_0_7_viv__parameterized41 is either unconnected or has no load
WARNING: [Synth 8-7129] Port SSET in module xbip_pipe_v3_0_7_viv__parameterized41 is either unconnected or has no load
WARNING: [Synth 8-7129] Port SINIT in module xbip_pipe_v3_0_7_viv__parameterized41 is either unconnected or has no load
WARNING: [Synth 8-7129] Port SCLR in module xbip_pipe_v3_0_7_viv__parameterized39 is either unconnected or has no load
WARNING: [Synth 8-7129] Port SSET in module xbip_pipe_v3_0_7_viv__parameterized39 is either unconnected or has no load
WARNING: [Synth 8-7129] Port SINIT in module xbip_pipe_v3_0_7_viv__parameterized39 is either unconnected or has no load
WARNING: [Synth 8-7129] Port SCLR in module xbip_pipe_v3_0_7_viv__parameterized17 is either unconnected or has no load
WARNING: [Synth 8-7129] Port SSET in module xbip_pipe_v3_0_7_viv__parameterized17 is either unconnected or has no load
WARNING: [Synth 8-7129] Port SINIT in module xbip_pipe_v3_0_7_viv__parameterized17 is either unconnected or has no load
WARNING: [Synth 8-7129] Port SCLR in module xbip_pipe_v3_0_7_viv__parameterized33 is either unconnected or has no load
WARNING: [Synth 8-7129] Port SSET in module xbip_pipe_v3_0_7_viv__parameterized33 is either unconnected or has no load
WARNING: [Synth 8-7129] Port SINIT in module xbip_pipe_v3_0_7_viv__parameterized33 is either unconnected or has no load
WARNING: [Synth 8-7129] Port CLK in module xbip_pipe_v3_0_7_viv__parameterized9 is either unconnected or has no load
WARNING: [Synth 8-7129] Port CE in module xbip_pipe_v3_0_7_viv__parameterized9 is either unconnected or has no load
WARNING: [Synth 8-7129] Port SCLR in module xbip_pipe_v3_0_7_viv__parameterized9 is either unconnected or has no load
WARNING: [Synth 8-7129] Port SSET in module xbip_pipe_v3_0_7_viv__parameterized9 is either unconnected or has no load
WARNING: [Synth 8-7129] Port SINIT in module xbip_pipe_v3_0_7_viv__parameterized9 is either unconnected or has no load
WARNING: [Synth 8-7129] Port CARRYS_OUT[14] in module carry_chain__parameterized2 is either unconnected or has no load
WARNING: [Synth 8-7129] Port CARRYS_OUT[13] in module carry_chain__parameterized2 is either unconnected or has no load
WARNING: [Synth 8-7129] Port CARRYS_OUT[12] in module carry_chain__parameterized2 is either unconnected or has no load
WARNING: [Synth 8-7129] Port CARRYS_OUT[11] in module carry_chain__parameterized2 is either unconnected or has no load
WARNING: [Synth 8-7129] Port CARRYS_OUT[10] in module carry_chain__parameterized2 is either unconnected or has no load
WARNING: [Synth 8-7129] Port CARRYS_OUT[9] in module carry_chain__parameterized2 is either unconnected or has no load
WARNING: [Synth 8-7129] Port CARRYS_OUT[8] in module carry_chain__parameterized2 is either unconnected or has no load
WARNING: [Synth 8-7129] Port CARRYS_OUT[7] in module carry_chain__parameterized2 is either unconnected or has no load
WARNING: [Synth 8-7129] Port CARRYS_OUT[6] in module carry_chain__parameterized2 is either unconnected or has no load
WARNING: [Synth 8-7129] Port CARRYS_OUT[5] in module carry_chain__parameterized2 is either unconnected or has no load
WARNING: [Synth 8-7129] Port CARRYS_OUT[4] in module carry_chain__parameterized2 is either unconnected or has no load
WARNING: [Synth 8-7129] Port CARRYS_OUT[3] in module carry_chain__parameterized2 is either unconnected or has no load
WARNING: [Synth 8-7129] Port CARRYS_OUT[2] in module carry_chain__parameterized2 is either unconnected or has no load
WARNING: [Synth 8-7129] Port CARRYS_OUT[1] in module carry_chain__parameterized2 is either unconnected or has no load
WARNING: [Synth 8-7129] Port CARRYS_OUT[0] in module carry_chain__parameterized2 is either unconnected or has no load
WARNING: [Synth 8-7129] Port CLK in module xbip_pipe_v3_0_7_viv__parameterized11 is either unconnected or has no load
WARNING: [Synth 8-7129] Port CE in module xbip_pipe_v3_0_7_viv__parameterized11 is either unconnected or has no load
WARNING: [Synth 8-7129] Port SCLR in module xbip_pipe_v3_0_7_viv__parameterized11 is either unconnected or has no load
WARNING: [Synth 8-7129] Port SSET in module xbip_pipe_v3_0_7_viv__parameterized11 is either unconnected or has no load
WARNING: [Synth 8-7129] Port SINIT in module xbip_pipe_v3_0_7_viv__parameterized11 is either unconnected or has no load
WARNING: [Synth 8-7129] Port CARRYS_OUT[2] in module carry_chain__parameterized1 is either unconnected or has no load
WARNING: [Synth 8-7129] Port CARRYS_OUT[1] in module carry_chain__parameterized1 is either unconnected or has no load
WARNING: [Synth 8-7129] Port CARRYS_OUT[0] in module carry_chain__parameterized1 is either unconnected or has no load
WARNING: [Synth 8-7129] Port CARRYS_OUT[0] in module compare_eq_im__parameterized0 is either unconnected or has no load
WARNING: [Synth 8-7129] Port A[31] in module special_detect is either unconnected or has no load
WARNING: [Synth 8-7129] Port ZERO_ALIGN in module flt_add_exp_sp is either unconnected or has no load
WARNING: [Synth 8-7129] Port ROUND_EXP_INC in module flt_add_exp_sp is either unconnected or has no load
INFO: [Common 17-14] Message 'Synth 8-7129' appears 100 times and further instances of the messages will be disabled. Use the Tcl command set_msg_config to change the current settings.
---------------------------------------------------------------------------------
Finished RTL Elaboration : Time (s): cpu = 00:00:18 ; elapsed = 00:00:19 . Memory (MB): peak = 1553.984 ; gain = 646.754
---------------------------------------------------------------------------------
---------------------------------------------------------------------------------
Start Handling Custom Attributes
---------------------------------------------------------------------------------
---------------------------------------------------------------------------------
Finished Handling Custom Attributes : Time (s): cpu = 00:00:18 ; elapsed = 00:00:19 . Memory (MB): peak = 1553.984 ; gain = 646.754
---------------------------------------------------------------------------------
---------------------------------------------------------------------------------
Finished RTL Optimization Phase 1 : Time (s): cpu = 00:00:18 ; elapsed = 00:00:19 . Memory (MB): peak = 1553.984 ; gain = 646.754
---------------------------------------------------------------------------------
Netlist sorting complete. Time (s): cpu = 00:00:00 ; elapsed = 00:00:00.042 . Memory (MB): peak = 1553.984 ; gain = 0.000
INFO: [Netlist 29-17] Analyzing 83 Unisim elements for replacement
INFO: [Netlist 29-28] Unisim Transformation completed in 0 CPU seconds
INFO: [Project 1-570] Preparing netlist for logic optimization

Processing XDC Constraints
Initializing timing engine
Parsing XDC File [e:/Seth stuff/Thesis/Thesis/Thesis.gen/sources_1/ip/floating_point_0/floating_point_0_ooc.xdc] for cell 'inst'
Finished Parsing XDC File [e:/Seth stuff/Thesis/Thesis/Thesis.gen/sources_1/ip/floating_point_0/floating_point_0_ooc.xdc] for cell 'inst'
Parsing XDC File [E:/Seth stuff/Thesis/Thesis/Thesis.runs/floating_point_0_synth_1/dont_touch.xdc]
Finished Parsing XDC File [E:/Seth stuff/Thesis/Thesis/Thesis.runs/floating_point_0_synth_1/dont_touch.xdc]
Completed Processing XDC Constraints

Netlist sorting complete. Time (s): cpu = 00:00:00 ; elapsed = 00:00:00.001 . Memory (MB): peak = 1553.984 ; gain = 0.000
INFO: [Project 1-111] Unisim Transformation Summary:
  A total of 3 instances were transformed.
  FDE => FDRE: 3 instances

The system cannot find the path specified.
Constraint Validation Runtime : Time (s): cpu = 00:00:00 ; elapsed = 00:00:00.055 . Memory (MB): peak = 1553.984 ; gain = 0.000
INFO: [Designutils 20-5008] Incremental synthesis strategy off
---------------------------------------------------------------------------------
Finished Constraint Validation : Time (s): cpu = 00:00:28 ; elapsed = 00:00:30 . Memory (MB): peak = 1553.984 ; gain = 646.754
---------------------------------------------------------------------------------
---------------------------------------------------------------------------------
Start Loading Part and Timing Information
---------------------------------------------------------------------------------
Loading part: xc7a35tcpg236-1
---------------------------------------------------------------------------------
Finished Loading Part and Timing Information : Time (s): cpu = 00:00:28 ; elapsed = 00:00:30 . Memory (MB): peak = 1553.984 ; gain = 646.754
---------------------------------------------------------------------------------
---------------------------------------------------------------------------------
Start Applying 'set_property' XDC Constraints
---------------------------------------------------------------------------------
Applied set_property KEEP_HIERARCHY = SOFT for inst. (constraint file  {E:/Seth stuff/Thesis/Thesis/Thesis.runs/floating_point_0_synth_1/dont_touch.xdc}, line 9).
---------------------------------------------------------------------------------
Finished applying 'set_property' XDC Constraints : Time (s): cpu = 00:00:28 ; elapsed = 00:00:30 . Memory (MB): peak = 1553.984 ; gain = 646.754
---------------------------------------------------------------------------------
---------------------------------------------------------------------------------
Finished RTL Optimization Phase 2 : Time (s): cpu = 00:00:29 ; elapsed = 00:00:31 . Memory (MB): peak = 1553.984 ; gain = 646.754
---------------------------------------------------------------------------------
INFO: [Synth 8-223] decloning instance 'inst/i_synth/ADDSUB_OP.ADDSUB/DSP.OP/DSP48E1_BODY.ALIGN_ADD/SUB_DELAY' (delay__parameterized0) to 'inst/i_synth/ADDSUB_OP.ADDSUB/DSP.OP/DSP48E1_BODY.ALIGN_ADD/SUB_ADD_IP_DELAY'
INFO: [Synth 8-223] decloning instance 'inst/i_synth/DELAY_DIVIDE_BY_ZERO' (delay__parameterized0) to 'inst/i_synth/DELAY_ACCUM_OVERFLOW'
INFO: [Synth 8-223] decloning instance 'inst/i_synth/DELAY_DIVIDE_BY_ZERO' (delay__parameterized0) to 'inst/i_synth/DELAY_ACCUM_INPUT_OVERFLOW'
---------------------------------------------------------------------------------
Start RTL Component Statistics 
---------------------------------------------------------------------------------
---------------------------------------------------------------------------------
Finished RTL Component Statistics 
---------------------------------------------------------------------------------
---------------------------------------------------------------------------------
Start Part Resource Summary
---------------------------------------------------------------------------------
Part Resources:
DSPs: 90 (col length:60)
BRAMs: 100 (col length: RAMB18 60 RAMB36 30)
---------------------------------------------------------------------------------
Finished Part Resource Summary
---------------------------------------------------------------------------------
---------------------------------------------------------------------------------
Start Cross Boundary and Area Optimization
---------------------------------------------------------------------------------
WARNING: [Synth 8-7080] Parallel synthesis criteria is not met
INFO: [Synth 8-3332] Sequential element (ADDSUB_OP.ADDSUB/DSP.OP/DSP48E1_BODY.NORM_RND/FULL_USAGE_DSP.LOD/dist_norm_reg[1]) is unused and will be removed from module floating_point_v7_1_16_viv.
INFO: [Synth 8-3332] Sequential element (ADDSUB_OP.ADDSUB/DSP.OP/DSP48E1_BODY.NORM_RND/FULL_USAGE_DSP.LOD/dist_norm_reg[0]) is unused and will be removed from module floating_point_v7_1_16_viv.
---------------------------------------------------------------------------------
Finished Cross Boundary and Area Optimization : Time (s): cpu = 00:00:32 ; elapsed = 00:00:34 . Memory (MB): peak = 1553.984 ; gain = 646.754
---------------------------------------------------------------------------------
---------------------------------------------------------------------------------
Start Applying XDC Timing Constraints
---------------------------------------------------------------------------------
---------------------------------------------------------------------------------
Finished Applying XDC Timing Constraints : Time (s): cpu = 00:00:41 ; elapsed = 00:00:43 . Memory (MB): peak = 1553.984 ; gain = 646.754
---------------------------------------------------------------------------------
---------------------------------------------------------------------------------
Start Timing Optimization
---------------------------------------------------------------------------------
---------------------------------------------------------------------------------
Finished Timing Optimization : Time (s): cpu = 00:00:42 ; elapsed = 00:00:44 . Memory (MB): peak = 1560.984 ; gain = 653.754
---------------------------------------------------------------------------------
---------------------------------------------------------------------------------
Start Technology Mapping
---------------------------------------------------------------------------------
---------------------------------------------------------------------------------
Finished Technology Mapping : Time (s): cpu = 00:00:42 ; elapsed = 00:00:44 . Memory (MB): peak = 1560.992 ; gain = 653.762
---------------------------------------------------------------------------------
---------------------------------------------------------------------------------
Start IO Insertion
---------------------------------------------------------------------------------
---------------------------------------------------------------------------------
Start Flattening Before IO Insertion
---------------------------------------------------------------------------------
---------------------------------------------------------------------------------
Finished Flattening Before IO Insertion
---------------------------------------------------------------------------------
---------------------------------------------------------------------------------
Start Final Netlist Cleanup
---------------------------------------------------------------------------------
---------------------------------------------------------------------------------
Finished Final Netlist Cleanup
---------------------------------------------------------------------------------
---------------------------------------------------------------------------------
Finished IO Insertion : Time (s): cpu = 00:00:48 ; elapsed = 00:00:50 . Memory (MB): peak = 1560.992 ; gain = 653.762
---------------------------------------------------------------------------------
---------------------------------------------------------------------------------
Start Renaming Generated Instances
---------------------------------------------------------------------------------
---------------------------------------------------------------------------------
Finished Renaming Generated Instances : Time (s): cpu = 00:00:48 ; elapsed = 00:00:50 . Memory (MB): peak = 1560.992 ; gain = 653.762
---------------------------------------------------------------------------------
---------------------------------------------------------------------------------
Start Rebuilding User Hierarchy
---------------------------------------------------------------------------------
---------------------------------------------------------------------------------
Finished Rebuilding User Hierarchy : Time (s): cpu = 00:00:48 ; elapsed = 00:00:50 . Memory (MB): peak = 1560.992 ; gain = 653.762
---------------------------------------------------------------------------------
---------------------------------------------------------------------------------
Start Renaming Generated Ports
---------------------------------------------------------------------------------
---------------------------------------------------------------------------------
Finished Renaming Generated Ports : Time (s): cpu = 00:00:48 ; elapsed = 00:00:50 . Memory (MB): peak = 1560.992 ; gain = 653.762
---------------------------------------------------------------------------------
---------------------------------------------------------------------------------
Start Handling Custom Attributes
---------------------------------------------------------------------------------
---------------------------------------------------------------------------------
Finished Handling Custom Attributes : Time (s): cpu = 00:00:48 ; elapsed = 00:00:50 . Memory (MB): peak = 1560.992 ; gain = 653.762
---------------------------------------------------------------------------------
---------------------------------------------------------------------------------
Start Renaming Generated Nets
---------------------------------------------------------------------------------
---------------------------------------------------------------------------------
Finished Renaming Generated Nets : Time (s): cpu = 00:00:48 ; elapsed = 00:00:50 . Memory (MB): peak = 1560.992 ; gain = 653.762
---------------------------------------------------------------------------------
---------------------------------------------------------------------------------
Start Writing Synthesis Report
---------------------------------------------------------------------------------

DSP Final Report (the ' indicates corresponding REG is set)
+--------------------------------+-------------+--------+--------+--------+--------+--------+------+------+------+------+-------+------+------+
|Module Name                     | DSP Mapping | A Size | B Size | C Size | D Size | P Size | AREG | BREG | CREG | DREG | ADREG | MREG | PREG | 
+--------------------------------+-------------+--------+--------+--------+--------+--------+------+------+------+------+-------+------+------+
|dsp48e1_wrapper                 | Dynamic     | -      | -      | -      | -      | 40     | -    | -    | -    | -    | 0     | 0    | 1    | 
|dsp48e1_wrapper__parameterized0 | C+A'*B'     | 24     | 16     | 35     | -      | 35     | 1    | 1    | 1    | -    | -     | 0    | 0    | 
+--------------------------------+-------------+--------+--------+--------+--------+--------+------+------+------+------+-------+------+------+


Report BlackBoxes: 
+-+--------------+----------+
| |BlackBox name |Instances |
+-+--------------+----------+
+-+--------------+----------+

Report Cell Usage: 
+------+--------+------+
|      |Cell    |Count |
+------+--------+------+
|1     |CARRY4  |     3|
|2     |DSP48E1 |     2|
|4     |LUT1    |     4|
|5     |LUT2    |    27|
|6     |LUT3    |   158|
|7     |LUT4    |    50|
|8     |LUT5    |    59|
|9     |LUT6    |    48|
|10    |MUXCY   |    58|
|11    |XORCY   |    17|
|12    |FDE     |     3|
|13    |FDRE    |   245|
+------+--------+------+
---------------------------------------------------------------------------------
Finished Writing Synthesis Report : Time (s): cpu = 00:00:48 ; elapsed = 00:00:50 . Memory (MB): peak = 1560.992 ; gain = 653.762
---------------------------------------------------------------------------------
Synthesis finished with 0 errors, 0 critical warnings and 53 warnings.
Synthesis Optimization Runtime : Time (s): cpu = 00:00:28 ; elapsed = 00:00:47 . Memory (MB): peak = 1560.992 ; gain = 653.762
Synthesis Optimization Complete : Time (s): cpu = 00:00:48 ; elapsed = 00:00:50 . Memory (MB): peak = 1560.992 ; gain = 653.762
INFO: [Project 1-571] Translating synthesized netlist
Netlist sorting complete. Time (s): cpu = 00:00:00 ; elapsed = 00:00:00.027 . Memory (MB): peak = 1560.992 ; gain = 0.000
INFO: [Netlist 29-17] Analyzing 83 Unisim elements for replacement
INFO: [Netlist 29-28] Unisim Transformation completed in 0 CPU seconds
INFO: [Project 1-570] Preparing netlist for logic optimization
INFO: [Opt 31-138] Pushed 0 inverter(s) to 0 load pin(s).
Netlist sorting complete. Time (s): cpu = 00:00:00 ; elapsed = 00:00:00.001 . Memory (MB): peak = 1576.281 ; gain = 0.000
INFO: [Project 1-111] Unisim Transformation Summary:
  A total of 19 instances were transformed.
  (MUXCY,XORCY) => CARRY4: 16 instances
  FDE => FDRE: 3 instances

The system cannot find the path specified.
Synth Design complete | Checksum: 19b6a5d9
INFO: [Common 17-83] Releasing license: Synthesis
28 Infos, 101 Warnings, 0 Critical Warnings and 0 Errors encountered.
synth_design completed successfully
INFO: [Common 17-600] The following parameters have non-default value.
tcl.statsThreshold
Write ShapeDB Complete: Time (s): cpu = 00:00:00 ; elapsed = 00:00:00.001 . Memory (MB): peak = 1576.281 ; gain = 0.000
INFO: [Common 17-1381] The checkpoint 'E:/Seth stuff/Thesis/Thesis/Thesis.runs/floating_point_0_synth_1/floating_point_0.dcp' has been generated.
INFO: [Coretcl 2-1648] Added synthesis output to IP cache for IP floating_point_0, cache-ID = d4f51a1efa0e1101
INFO: [Coretcl 2-1174] Renamed 69 cell refs.
Write ShapeDB Complete: Time (s): cpu = 00:00:01 ; elapsed = 00:00:00.006 . Memory (MB): peak = 1576.281 ; gain = 0.000
INFO: [Common 17-1381] The checkpoint 'E:/Seth stuff/Thesis/Thesis/Thesis.runs/floating_point_0_synth_1/floating_point_0.dcp' has been generated.
INFO: [runtcl-4] Executing : report_utilization -file floating_point_0_utilization_synth.rpt -pb floating_point_0_utilization_synth.pb
INFO: [Common 17-206] Exiting Vivado at Mon Mar 31 11:35:35 2025...
