Copyright 1986-2022 Xilinx, Inc. All Rights Reserved. Copyright 2022-2023 Advanced Micro Devices, Inc. All Rights Reserved.
-------------------------------------------------------------------------------------------------------------------------------------------------
| Tool Version     : Vivado v.2023.2 (win64) Build 4029153 Fri Oct 13 20:14:34 MDT 2023
| Date             : Thu Feb 27 08:49:40 2025
| Host             : WINDOWS-RV84OD0 running 64-bit major release  (build 9200)
| Command          : report_power -file impl_top_power_routed.rpt -pb impl_top_power_summary_routed.pb -rpx impl_top_power_routed.rpx
| Design           : impl_top
| Device           : xc7a35tcpg236-1
| Design State     : routed
| Grade            : commercial
| Process          : typical
| Characterization : Production
-------------------------------------------------------------------------------------------------------------------------------------------------

Power Report

Table of Contents
-----------------
1. Summary
1.1 On-Chip Components
1.2 Power Supply Summary
1.3 Confidence Level
2. Settings
2.1 Environment
2.2 Clock Constraints
3. Detailed Reports
3.1 By Hierarchy

1. Summary
----------

+--------------------------+--------------+
| Total On-Chip Power (W)  | 0.226        |
| Design Power Budget (W)  | Unspecified* |
| Power Budget Margin (W)  | NA           |
| Dynamic (W)              | 0.153        |
| Device Static (W)        | 0.073        |
| Effective TJA (C/W)      | 5.0          |
| Max Ambient (C)          | 83.9         |
| Junction Temperature (C) | 26.1         |
| Confidence Level         | Low          |
| Setting File             | ---          |
| Simulation Activity File | ---          |
| Design Nets Matched      | NA           |
+--------------------------+--------------+
* Specify Design Power Budget using, set_operating_conditions -design_power_budget <value in Watts>


1.1 On-Chip Components
----------------------

+----------------+-----------+----------+-----------+-----------------+
| On-Chip        | Power (W) | Used     | Available | Utilization (%) |
+----------------+-----------+----------+-----------+-----------------+
| Clocks         |     0.007 |        3 |       --- |             --- |
| Slice Logic    |     0.022 |     8410 |       --- |             --- |
|   LUT as Logic |     0.019 |     4471 |     20800 |           21.50 |
|   CARRY4       |     0.003 |      790 |      8150 |            9.69 |
|   Register     |    <0.001 |     2021 |     41600 |            4.86 |
|   F7/F8 Muxes  |    <0.001 |      105 |     32600 |            0.32 |
|   Others       |     0.000 |      103 |       --- |             --- |
| Signals        |     0.029 |     7320 |       --- |             --- |
| Block RAM      |     0.028 |     13.5 |        50 |           27.00 |
| DSPs           |     0.027 |       36 |        90 |           40.00 |
| I/O            |     0.040 |       33 |       106 |           31.13 |
| Static Power   |     0.073 |          |           |                 |
| Total          |     0.226 |          |           |                 |
+----------------+-----------+----------+-----------+-----------------+


1.2 Power Supply Summary
------------------------

+-----------+-------------+-----------+-------------+------------+-------------+-------------+------------+
| Source    | Voltage (V) | Total (A) | Dynamic (A) | Static (A) | Powerup (A) | Budget (A)  | Margin (A) |
+-----------+-------------+-----------+-------------+------------+-------------+-------------+------------+
| Vccint    |       1.000 |     0.122 |       0.112 |      0.010 |       NA    | Unspecified | NA         |
| Vccaux    |       1.800 |     0.014 |       0.001 |      0.013 |       NA    | Unspecified | NA         |
| Vcco33    |       3.300 |     0.012 |       0.011 |      0.001 |       NA    | Unspecified | NA         |
| Vcco25    |       2.500 |     0.000 |       0.000 |      0.000 |       NA    | Unspecified | NA         |
| Vcco18    |       1.800 |     0.000 |       0.000 |      0.000 |       NA    | Unspecified | NA         |
| Vcco15    |       1.500 |     0.000 |       0.000 |      0.000 |       NA    | Unspecified | NA         |
| Vcco135   |       1.350 |     0.000 |       0.000 |      0.000 |       NA    | Unspecified | NA         |
| Vcco12    |       1.200 |     0.000 |       0.000 |      0.000 |       NA    | Unspecified | NA         |
| Vccaux_io |       1.800 |     0.000 |       0.000 |      0.000 |       NA    | Unspecified | NA         |
| Vccbram   |       1.000 |     0.003 |       0.002 |      0.000 |       NA    | Unspecified | NA         |
| MGTAVcc   |       1.000 |     0.000 |       0.000 |      0.000 |       NA    | Unspecified | NA         |
| MGTAVtt   |       1.200 |     0.000 |       0.000 |      0.000 |       NA    | Unspecified | NA         |
| Vccadc    |       1.800 |     0.020 |       0.000 |      0.020 |       NA    | Unspecified | NA         |
+-----------+-------------+-----------+-------------+------------+-------------+-------------+------------+


1.3 Confidence Level
--------------------

+-----------------------------+------------+--------------------------------------------------------+------------------------------------------------------------------------------------------------------------+
| User Input Data             | Confidence | Details                                                | Action                                                                                                     |
+-----------------------------+------------+--------------------------------------------------------+------------------------------------------------------------------------------------------------------------+
| Design implementation state | High       | Design is routed                                       |                                                                                                            |
| Clock nodes activity        | High       | User specified more than 95% of clocks                 |                                                                                                            |
| I/O nodes activity          | Low        | More than 75% of inputs are missing user specification | Provide missing input activity with simulation results or by editing the "By Resource Type -> I/Os" view   |
| Internal nodes activity     | Medium     | User specified less than 25% of internal nodes         | Provide missing internal nodes activity with simulation results or by editing the "By Resource Type" views |
| Device models               | High       | Device models are Production                           |                                                                                                            |
|                             |            |                                                        |                                                                                                            |
| Overall confidence level    | Low        |                                                        |                                                                                                            |
+-----------------------------+------------+--------------------------------------------------------+------------------------------------------------------------------------------------------------------------+


2. Settings
-----------

2.1 Environment
---------------

+-----------------------+--------------------------+
| Ambient Temp (C)      | 25.0                     |
| ThetaJA (C/W)         | 5.0                      |
| Airflow (LFM)         | 250                      |
| Heat Sink             | medium (Medium Profile)  |
| ThetaSA (C/W)         | 4.6                      |
| Board Selection       | medium (10"x10")         |
| # of Board Layers     | 12to15 (12 to 15 Layers) |
| Board Temperature (C) | 25.0                     |
+-----------------------+--------------------------+


2.2 Clock Constraints
---------------------

+-------------+--------+-----------------+
| Clock       | Domain | Constraint (ns) |
+-------------+--------+-----------------+
| sys_clk_pin | i_clk  |            10.0 |
+-------------+--------+-----------------+


3. Detailed Reports
-------------------

3.1 By Hierarchy
----------------

+------------------------+-----------+
| Name                   | Power (W) |
+------------------------+-----------+
| impl_top               |     0.153 |
|   acc_buff             |     0.006 |
|     add_core           |     0.001 |
|     seg_gen[1].acc_seg |     0.003 |
|   input_mem            |     0.008 |
|     bram               |     0.005 |
|       U0               |     0.005 |
|   mult_core            |     0.073 |
|     idxr               |     0.005 |
|     mul_gen[0].mult    |     0.018 |
|       multiplier       |     0.004 |
|     mul_gen[1].mult    |     0.017 |
|       multiplier       |     0.004 |
|     mul_gen[2].mult    |     0.016 |
|       multiplier       |     0.004 |
|     mul_gen[3].mult    |     0.017 |
|       multiplier       |     0.004 |
|   output_controller    |     0.026 |
|     bram               |     0.024 |
|       U0               |     0.024 |
+------------------------+-----------+


