
*** Running vivado
    with args -log impl_top.vds -m64 -product Vivado -mode batch -messageDb vivado.pb -notrace -source impl_top.tcl


ECHO is off.
ECHO is off.

****** Vivado v2023.2 (64-bit)
  **** SW Build 4029153 on Fri Oct 13 20:14:34 MDT 2023
  **** IP Build 4028589 on Sat Oct 14 00:45:43 MDT 2023
  **** SharedData Build 4025554 on Tue Oct 10 17:18:54 MDT 2023
    ** Copyright 1986-2022 Xilinx, Inc. All Rights Reserved.
    ** Copyright 2022-2023 Advanced Micro Devices, Inc. All Rights Reserved.

source impl_top.tcl -notrace
create_project: Time (s): cpu = 00:00:09 ; elapsed = 00:00:12 . Memory (MB): peak = 502.113 ; gain = 223.195
Command: read_checkpoint -auto_incremental -incremental {E:/Seth stuff/Thesis/Thesis/Thesis.srcs/utils_1/imports/synth_1/impl_top.dcp}
INFO: [Vivado 12-5825] Read reference checkpoint from E:/Seth stuff/Thesis/Thesis/Thesis.srcs/utils_1/imports/synth_1/impl_top.dcp for incremental synthesis
INFO: [Vivado 12-7989] Please ensure there are no constraint changes
Command: synth_design -top impl_top -part xc7a35tcpg236-1
Starting synth_design
Attempting to get a license for feature 'Synthesis' and/or device 'xc7a35t'
INFO: [Common 17-349] Got license for feature 'Synthesis' and/or device 'xc7a35t'
INFO: [Device 21-403] Loading part xc7a35tcpg236-1
INFO: [Designutils 20-5440] No compile time benefit to using incremental synthesis; A full resynthesis will be run
INFO: [Designutils 20-4379] Flow is switching to default flow due to incremental criteria not met. If you would like to alter this behaviour and have the flow terminate instead, please set the following parameter config_implementation {autoIncr.Synth.RejectBehavior Terminate}
INFO: [Synth 8-7079] Multithreading enabled for synth_design using a maximum of 2 processes.
INFO: [Synth 8-7078] Launching helper process for spawning children vivado processes
INFO: [Synth 8-7075] Helper process launched with PID 14368
---------------------------------------------------------------------------------
Starting RTL Elaboration : Time (s): cpu = 00:00:06 ; elapsed = 00:00:08 . Memory (MB): peak = 1348.289 ; gain = 440.012
---------------------------------------------------------------------------------
WARNING: [Synth 8-9661] initial value of parameter 'SEGMENT_INDEX' is omitted [E:/Seth stuff/Thesis/Thesis/Thesis.srcs/sources_1/new/Accordian_segment.sv:25]
WARNING: [Synth 8-9661] initial value of parameter 'SEG_COUNT' is omitted [E:/Seth stuff/Thesis/Thesis/Thesis.srcs/sources_1/new/Accordian_segment.sv:26]
WARNING: [Synth 8-9661] initial value of parameter 'MULT_COUNT' is omitted [E:/Seth stuff/Thesis/Thesis/Thesis.srcs/sources_1/new/Accordian_segment.sv:27]
WARNING: [Synth 8-9661] initial value of parameter 'ADD_COUNT' is omitted [E:/Seth stuff/Thesis/Thesis/Thesis.srcs/sources_1/new/Accordian_segment.sv:28]
WARNING: [Synth 8-10604] concatenation with an unsized literal will be treated as 32 bits [E:/Seth stuff/Thesis/Thesis/Thesis.srcs/sources_1/new/Accordian_segment.sv:140]
WARNING: [Synth 8-10604] concatenation with an unsized literal will be treated as 32 bits [E:/Seth stuff/Thesis/Thesis/Thesis.srcs/sources_1/new/Accordian_segment.sv:140]
WARNING: [Synth 8-10604] concatenation with an unsized literal will be treated as 32 bits [E:/Seth stuff/Thesis/Thesis/Thesis.srcs/sources_1/new/Accordian_segment.sv:140]
WARNING: [Synth 8-10604] concatenation with an unsized literal will be treated as 32 bits [E:/Seth stuff/Thesis/Thesis/Thesis.srcs/sources_1/new/Simple_Adder.sv:40]
WARNING: [Synth 8-10604] concatenation with an unsized literal will be treated as 32 bits [E:/Seth stuff/Thesis/Thesis/Thesis.srcs/sources_1/new/Simple_Adder.sv:40]
WARNING: [Synth 8-10604] concatenation with an unsized literal will be treated as 32 bits [E:/Seth stuff/Thesis/Thesis/Thesis.srcs/sources_1/new/Simple_Adder.sv:40]
WARNING: [Synth 8-10604] concatenation with an unsized literal will be treated as 32 bits [E:/Seth stuff/Thesis/Thesis/Thesis.srcs/sources_1/new/Simple_Adder.sv:40]
WARNING: [Synth 8-10604] concatenation with an unsized literal will be treated as 32 bits [E:/Seth stuff/Thesis/Thesis/Thesis.srcs/sources_1/new/Simple_Adder.sv:40]
WARNING: [Synth 8-10604] concatenation with an unsized literal will be treated as 32 bits [E:/Seth stuff/Thesis/Thesis/Thesis.srcs/sources_1/new/Simple_Adder.sv:40]
WARNING: [Synth 8-9661] initial value of parameter 'PAGE_SIZE' is omitted [E:/Seth stuff/Thesis/Thesis/Thesis.srcs/sources_1/new/Multiplier_Unit.sv:25]
WARNING: [Synth 8-9661] initial value of parameter 'MULTIPLIER_INDEX' is omitted [E:/Seth stuff/Thesis/Thesis/Thesis.srcs/sources_1/new/Multiplier_Unit.sv:26]
WARNING: [Synth 8-9661] initial value of parameter 'MULT_COUNT' is omitted [E:/Seth stuff/Thesis/Thesis/Thesis.srcs/sources_1/new/Multiplier_Unit.sv:27]
WARNING: [Synth 8-10604] concatenation with an unsized literal will be treated as 32 bits [E:/Seth stuff/Thesis/Thesis/Thesis.srcs/sources_1/new/Multiplier_Unit.sv:47]
WARNING: [Synth 8-10604] concatenation with an unsized literal will be treated as 32 bits [E:/Seth stuff/Thesis/Thesis/Thesis.srcs/sources_1/new/Multiplier_Unit.sv:47]
WARNING: [Synth 8-10604] concatenation with an unsized literal will be treated as 32 bits [E:/Seth stuff/Thesis/Thesis/Thesis.srcs/sources_1/new/Multiplier_Unit.sv:47]
WARNING: [Synth 8-9661] initial value of parameter 'ADD_COUNT' is omitted [E:/Seth stuff/Thesis/Thesis/Thesis.srcs/sources_1/new/Buffer_Port.sv:26]
WARNING: [Synth 8-9661] initial value of parameter 'MOD_MASK' is omitted [E:/Seth stuff/Thesis/Thesis/Thesis.srcs/sources_1/new/Buffer_Port.sv:27]
WARNING: [Synth 8-9661] initial value of parameter 'PORT_ID' is omitted [E:/Seth stuff/Thesis/Thesis/Thesis.srcs/sources_1/new/Buffer_Port.sv:28]
WARNING: [Synth 8-9661] initial value of parameter 'MULT_COUNT' is omitted [E:/Seth stuff/Thesis/Thesis/Thesis.srcs/sources_1/new/Indexer.sv:25]
WARNING: [Synth 8-9661] initial value of parameter 'PAGE_SIZE' is omitted [E:/Seth stuff/Thesis/Thesis/Thesis.srcs/sources_1/new/Multiplication_Core.sv:26]
WARNING: [Synth 8-9661] initial value of parameter 'MULT_COUNT' is omitted [E:/Seth stuff/Thesis/Thesis/Thesis.srcs/sources_1/new/Multiplication_Core.sv:27]
WARNING: [Synth 8-9661] initial value of parameter 'SEG_COUNT' is omitted [E:/Seth stuff/Thesis/Thesis/Thesis.srcs/sources_1/new/Multiplication_Core.sv:28]
WARNING: [Synth 8-9661] initial value of parameter 'SEGMENTS' is omitted [E:/Seth stuff/Thesis/Thesis/Thesis.srcs/sources_1/new/Addition_Core.sv:25]
WARNING: [Synth 8-9661] initial value of parameter 'MULT_COUNT' is omitted [E:/Seth stuff/Thesis/Thesis/Thesis.srcs/sources_1/new/mem_controller.sv:59]
WARNING: [Synth 8-9661] initial value of parameter 'PAGE_SIZE' is omitted [E:/Seth stuff/Thesis/Thesis/Thesis.srcs/sources_1/new/Computation_Pipeline.sv:25]
WARNING: [Synth 8-9661] initial value of parameter 'SEG_COUNT' is omitted [E:/Seth stuff/Thesis/Thesis/Thesis.srcs/sources_1/new/Computation_Pipeline.sv:26]
WARNING: [Synth 8-9661] initial value of parameter 'MULT_COUNT' is omitted [E:/Seth stuff/Thesis/Thesis/Thesis.srcs/sources_1/new/Computation_Pipeline.sv:27]
INFO: [Synth 8-11241] undeclared symbol 'i_L_mem_bus', assumed default net type 'wire' [E:/Seth stuff/Thesis/Thesis/Thesis.srcs/sources_1/new/Computation_Pipeline.sv:85]
INFO: [Synth 8-11241] undeclared symbol 'i_R_mem_bus', assumed default net type 'wire' [E:/Seth stuff/Thesis/Thesis/Thesis.srcs/sources_1/new/Computation_Pipeline.sv:86]
ERROR: [Synth 8-36] 'ADD_COUNT' is not declared [E:/Seth stuff/Thesis/Thesis/Thesis.srcs/sources_1/new/Computation_Pipeline.sv:57]
ERROR: [Synth 8-36] 'ADD_COUNT' is not declared [E:/Seth stuff/Thesis/Thesis/Thesis.srcs/sources_1/new/Computation_Pipeline.sv:58]
INFO: [Synth 8-10285] module 'Computation_Pipeline' is ignored due to previous errors [E:/Seth stuff/Thesis/Thesis/Thesis.srcs/sources_1/new/Computation_Pipeline.sv:118]
INFO: [Synth 8-9084] Verilog file 'E:/Seth stuff/Thesis/Thesis/Thesis.srcs/sources_1/new/Computation_Pipeline.sv' ignored due to errors
INFO: [Synth 8-6157] synthesizing module 'impl_top' [E:/Seth stuff/Thesis/Thesis/Thesis.srcs/sources_1/new/impl_top.sv:26]
INFO: [Synth 8-6157] synthesizing module 'mem_controller' [E:/Seth stuff/Thesis/Thesis/Thesis.srcs/sources_1/new/mem_controller.sv:56]
	Parameter PAGE_SIZE bound to: 32 - type: integer 
	Parameter MULT_COUNT bound to: 32 - type: integer 
ERROR: [Synth 8-439] module 'blk_mem_gen_0' not found [E:/Seth stuff/Thesis/Thesis/Thesis.srcs/sources_1/new/mem_controller.sv:82]
ERROR: [Synth 8-6156] failed synthesizing module 'mem_controller' [E:/Seth stuff/Thesis/Thesis/Thesis.srcs/sources_1/new/mem_controller.sv:56]
ERROR: [Synth 8-6156] failed synthesizing module 'impl_top' [E:/Seth stuff/Thesis/Thesis/Thesis.srcs/sources_1/new/impl_top.sv:26]
---------------------------------------------------------------------------------
Finished RTL Elaboration : Time (s): cpu = 00:00:08 ; elapsed = 00:00:10 . Memory (MB): peak = 1470.762 ; gain = 562.484
---------------------------------------------------------------------------------
RTL Elaboration failed
INFO: [Common 17-83] Releasing license: Synthesis
16 Infos, 31 Warnings, 0 Critical Warnings and 6 Errors encountered.
synth_design failed
ERROR: [Common 17-69] Command failed: Synthesis failed - please see the console or run log file for details
INFO: [Common 17-206] Exiting Vivado at Tue Mar 18 08:17:51 2025...
