INFO: [VRFC 10-2263] Analyzing Verilog file "E:/Seth stuff/Thesis/Thesis/Thesis.sim/sim_1/synth/func/xsim/tb_impl_func_synth.v" into library xil_defaultlib
INFO: [VRFC 10-311] analyzing module Accordian_Buffer
INFO: [VRFC 10-311] analyzing module Accordian_Buffer_6
INFO: [VRFC 10-311] analyzing module Accordian_Segment
INFO: [VRFC 10-311] analyzing module Accordian_Segment_19
INFO: [VRFC 10-311] analyzing module Accordian_Segment__parameterized0
INFO: [VRFC 10-311] analyzing module Accordian_Segment__parameterized0_20
INFO: [VRFC 10-311] analyzing module Accordian_Segment__parameterized1
INFO: [VRFC 10-311] analyzing module Accordian_Segment__parameterized1_21
INFO: [VRFC 10-311] analyzing module Accordian_Segment__parameterized2
INFO: [VRFC 10-311] analyzing module Accordian_Segment__parameterized2_22
INFO: [VRFC 10-311] analyzing module Addition_Core
INFO: [VRFC 10-311] analyzing module Addition_Core_18
INFO: [VRFC 10-311] analyzing module Address_Selector
INFO: [VRFC 10-311] analyzing module Address_Selector_1
INFO: [VRFC 10-311] analyzing module Address_Selector_8
INFO: [VRFC 10-311] analyzing module Address_Selector_9
INFO: [VRFC 10-311] analyzing module Address_Selector__parameterized0
INFO: [VRFC 10-311] analyzing module Address_Selector__parameterized0_26
INFO: [VRFC 10-311] analyzing module Computation_Pipeline
INFO: [VRFC 10-311] analyzing module Computation_Pipeline_0
INFO: [VRFC 10-311] analyzing module Indexer
INFO: [VRFC 10-311] analyzing module Matrix_Multiplier
INFO: [VRFC 10-311] analyzing module Mult_Comp_Unit
INFO: [VRFC 10-311] analyzing module Mult_Comp_Unit_14
INFO: [VRFC 10-311] analyzing module Mult_Comp_Unit_15
INFO: [VRFC 10-311] analyzing module Mult_Comp_Unit_16
INFO: [VRFC 10-311] analyzing module Mult_Comp_Unit_17
INFO: [VRFC 10-311] analyzing module Mult_Comp_Unit_2
INFO: [VRFC 10-311] analyzing module Mult_Comp_Unit_3
INFO: [VRFC 10-311] analyzing module Mult_Comp_Unit_4
INFO: [VRFC 10-311] analyzing module Multiplication_Core
INFO: [VRFC 10-311] analyzing module Multiplication_Core_7
INFO: [VRFC 10-311] analyzing module Multiplier_Unit
INFO: [VRFC 10-311] analyzing module Multiplier_Unit_10
INFO: [VRFC 10-311] analyzing module Multiplier_Unit__parameterized0
INFO: [VRFC 10-311] analyzing module Multiplier_Unit__parameterized0_11
INFO: [VRFC 10-311] analyzing module Multiplier_Unit__parameterized1
INFO: [VRFC 10-311] analyzing module Multiplier_Unit__parameterized1_12
INFO: [VRFC 10-311] analyzing module Multiplier_Unit__parameterized2
INFO: [VRFC 10-311] analyzing module Multiplier_Unit__parameterized2_13
INFO: [VRFC 10-311] analyzing module Simple_Adder
INFO: [VRFC 10-311] analyzing module Simple_Adder_23
INFO: [VRFC 10-311] analyzing module Simple_Adder_24
INFO: [VRFC 10-311] analyzing module Simple_Adder_5
INFO: [VRFC 10-311] analyzing module Splitter
INFO: [VRFC 10-311] analyzing module blk_mem_gen_0
INFO: [VRFC 10-311] analyzing module blk_mem_gen_1_1
INFO: [VRFC 10-311] analyzing module impl_top
INFO: [VRFC 10-311] analyzing module mem_controller
INFO: [VRFC 10-311] analyzing module output_memory_controller2
INFO: [VRFC 10-311] analyzing module output_pipe_buffer
INFO: [VRFC 10-311] analyzing module output_pipe_buffer_25
INFO: [VRFC 10-311] analyzing module blk_mem_gen_0_blk_mem_gen_generic_cstr
INFO: [VRFC 10-311] analyzing module blk_mem_gen_0_blk_mem_gen_prim_width
INFO: [VRFC 10-311] analyzing module blk_mem_gen_0_blk_mem_gen_prim_width__parameterized0
INFO: [VRFC 10-311] analyzing module blk_mem_gen_0_blk_mem_gen_prim_width__parameterized1
INFO: [VRFC 10-311] analyzing module blk_mem_gen_0_blk_mem_gen_prim_width__parameterized10
INFO: [VRFC 10-311] analyzing module blk_mem_gen_0_blk_mem_gen_prim_width__parameterized11
INFO: [VRFC 10-311] analyzing module blk_mem_gen_0_blk_mem_gen_prim_width__parameterized12
INFO: [VRFC 10-311] analyzing module blk_mem_gen_0_blk_mem_gen_prim_width__parameterized13
INFO: [VRFC 10-311] analyzing module blk_mem_gen_0_blk_mem_gen_prim_width__parameterized14
INFO: [VRFC 10-311] analyzing module blk_mem_gen_0_blk_mem_gen_prim_width__parameterized15
INFO: [VRFC 10-311] analyzing module blk_mem_gen_0_blk_mem_gen_prim_width__parameterized16
INFO: [VRFC 10-311] analyzing module blk_mem_gen_0_blk_mem_gen_prim_width__parameterized17
INFO: [VRFC 10-311] analyzing module blk_mem_gen_0_blk_mem_gen_prim_width__parameterized18
INFO: [VRFC 10-311] analyzing module blk_mem_gen_0_blk_mem_gen_prim_width__parameterized19
INFO: [VRFC 10-311] analyzing module blk_mem_gen_0_blk_mem_gen_prim_width__parameterized2
INFO: [VRFC 10-311] analyzing module blk_mem_gen_0_blk_mem_gen_prim_width__parameterized20
INFO: [VRFC 10-311] analyzing module blk_mem_gen_0_blk_mem_gen_prim_width__parameterized21
INFO: [VRFC 10-311] analyzing module blk_mem_gen_0_blk_mem_gen_prim_width__parameterized22
INFO: [VRFC 10-311] analyzing module blk_mem_gen_0_blk_mem_gen_prim_width__parameterized23
INFO: [VRFC 10-311] analyzing module blk_mem_gen_0_blk_mem_gen_prim_width__parameterized24
INFO: [VRFC 10-311] analyzing module blk_mem_gen_0_blk_mem_gen_prim_width__parameterized25
INFO: [VRFC 10-311] analyzing module blk_mem_gen_0_blk_mem_gen_prim_width__parameterized26
INFO: [VRFC 10-311] analyzing module blk_mem_gen_0_blk_mem_gen_prim_width__parameterized27
INFO: [VRFC 10-311] analyzing module blk_mem_gen_0_blk_mem_gen_prim_width__parameterized28
INFO: [VRFC 10-311] analyzing module blk_mem_gen_0_blk_mem_gen_prim_width__parameterized29
INFO: [VRFC 10-311] analyzing module blk_mem_gen_0_blk_mem_gen_prim_width__parameterized3
INFO: [VRFC 10-311] analyzing module blk_mem_gen_0_blk_mem_gen_prim_width__parameterized30
INFO: [VRFC 10-311] analyzing module blk_mem_gen_0_blk_mem_gen_prim_width__parameterized4
INFO: [VRFC 10-311] analyzing module blk_mem_gen_0_blk_mem_gen_prim_width__parameterized5
INFO: [VRFC 10-311] analyzing module blk_mem_gen_0_blk_mem_gen_prim_width__parameterized6
INFO: [VRFC 10-311] analyzing module blk_mem_gen_0_blk_mem_gen_prim_width__parameterized7
INFO: [VRFC 10-311] analyzing module blk_mem_gen_0_blk_mem_gen_prim_width__parameterized8
INFO: [VRFC 10-311] analyzing module blk_mem_gen_0_blk_mem_gen_prim_width__parameterized9
INFO: [VRFC 10-311] analyzing module blk_mem_gen_0_blk_mem_gen_prim_wrapper_init
INFO: [VRFC 10-311] analyzing module blk_mem_gen_0_blk_mem_gen_prim_wrapper_init__parameterized0
INFO: [VRFC 10-311] analyzing module blk_mem_gen_0_blk_mem_gen_prim_wrapper_init__parameterized1
INFO: [VRFC 10-311] analyzing module blk_mem_gen_0_blk_mem_gen_prim_wrapper_init__parameterized10
INFO: [VRFC 10-311] analyzing module blk_mem_gen_0_blk_mem_gen_prim_wrapper_init__parameterized11
INFO: [VRFC 10-311] analyzing module blk_mem_gen_0_blk_mem_gen_prim_wrapper_init__parameterized12
INFO: [VRFC 10-311] analyzing module blk_mem_gen_0_blk_mem_gen_prim_wrapper_init__parameterized13
INFO: [VRFC 10-311] analyzing module blk_mem_gen_0_blk_mem_gen_prim_wrapper_init__parameterized14
INFO: [VRFC 10-311] analyzing module blk_mem_gen_0_blk_mem_gen_prim_wrapper_init__parameterized15
INFO: [VRFC 10-311] analyzing module blk_mem_gen_0_blk_mem_gen_prim_wrapper_init__parameterized16
INFO: [VRFC 10-311] analyzing module blk_mem_gen_0_blk_mem_gen_prim_wrapper_init__parameterized17
INFO: [VRFC 10-311] analyzing module blk_mem_gen_0_blk_mem_gen_prim_wrapper_init__parameterized18
INFO: [VRFC 10-311] analyzing module blk_mem_gen_0_blk_mem_gen_prim_wrapper_init__parameterized19
INFO: [VRFC 10-311] analyzing module blk_mem_gen_0_blk_mem_gen_prim_wrapper_init__parameterized2
INFO: [VRFC 10-311] analyzing module blk_mem_gen_0_blk_mem_gen_prim_wrapper_init__parameterized20
INFO: [VRFC 10-311] analyzing module blk_mem_gen_0_blk_mem_gen_prim_wrapper_init__parameterized21
INFO: [VRFC 10-311] analyzing module blk_mem_gen_0_blk_mem_gen_prim_wrapper_init__parameterized22
INFO: [VRFC 10-311] analyzing module blk_mem_gen_0_blk_mem_gen_prim_wrapper_init__parameterized23
INFO: [VRFC 10-311] analyzing module blk_mem_gen_0_blk_mem_gen_prim_wrapper_init__parameterized24
INFO: [VRFC 10-311] analyzing module blk_mem_gen_0_blk_mem_gen_prim_wrapper_init__parameterized25
INFO: [VRFC 10-311] analyzing module blk_mem_gen_0_blk_mem_gen_prim_wrapper_init__parameterized26
INFO: [VRFC 10-311] analyzing module blk_mem_gen_0_blk_mem_gen_prim_wrapper_init__parameterized27
INFO: [VRFC 10-311] analyzing module blk_mem_gen_0_blk_mem_gen_prim_wrapper_init__parameterized28
INFO: [VRFC 10-311] analyzing module blk_mem_gen_0_blk_mem_gen_prim_wrapper_init__parameterized29
INFO: [VRFC 10-311] analyzing module blk_mem_gen_0_blk_mem_gen_prim_wrapper_init__parameterized3
INFO: [VRFC 10-311] analyzing module blk_mem_gen_0_blk_mem_gen_prim_wrapper_init__parameterized30
INFO: [VRFC 10-311] analyzing module blk_mem_gen_0_blk_mem_gen_prim_wrapper_init__parameterized4
INFO: [VRFC 10-311] analyzing module blk_mem_gen_0_blk_mem_gen_prim_wrapper_init__parameterized5
INFO: [VRFC 10-311] analyzing module blk_mem_gen_0_blk_mem_gen_prim_wrapper_init__parameterized6
INFO: [VRFC 10-311] analyzing module blk_mem_gen_0_blk_mem_gen_prim_wrapper_init__parameterized7
INFO: [VRFC 10-311] analyzing module blk_mem_gen_0_blk_mem_gen_prim_wrapper_init__parameterized8
INFO: [VRFC 10-311] analyzing module blk_mem_gen_0_blk_mem_gen_prim_wrapper_init__parameterized9
INFO: [VRFC 10-311] analyzing module blk_mem_gen_0_blk_mem_gen_top
INFO: [VRFC 10-311] analyzing module blk_mem_gen_0_blk_mem_gen_v8_4_7
INFO: [VRFC 10-311] analyzing module blk_mem_gen_0_blk_mem_gen_v8_4_7_synth
INFO: [VRFC 10-311] analyzing module blk_mem_gen_1_1_blk_mem_gen_generic_cstr
INFO: [VRFC 10-311] analyzing module blk_mem_gen_1_1_blk_mem_gen_prim_width
INFO: [VRFC 10-311] analyzing module blk_mem_gen_1_1_blk_mem_gen_prim_width__parameterized0
INFO: [VRFC 10-311] analyzing module blk_mem_gen_1_1_blk_mem_gen_prim_width__parameterized1
INFO: [VRFC 10-311] analyzing module blk_mem_gen_1_1_blk_mem_gen_prim_width__parameterized2
INFO: [VRFC 10-311] analyzing module blk_mem_gen_1_1_blk_mem_gen_prim_width__parameterized3
INFO: [VRFC 10-311] analyzing module blk_mem_gen_1_1_blk_mem_gen_prim_width__parameterized4
INFO: [VRFC 10-311] analyzing module blk_mem_gen_1_1_blk_mem_gen_prim_width__parameterized5
INFO: [VRFC 10-311] analyzing module blk_mem_gen_1_1_blk_mem_gen_prim_width__parameterized6
INFO: [VRFC 10-311] analyzing module blk_mem_gen_1_1_blk_mem_gen_prim_wrapper
INFO: [VRFC 10-311] analyzing module blk_mem_gen_1_1_blk_mem_gen_prim_wrapper__parameterized0
INFO: [VRFC 10-311] analyzing module blk_mem_gen_1_1_blk_mem_gen_prim_wrapper__parameterized1
INFO: [VRFC 10-311] analyzing module blk_mem_gen_1_1_blk_mem_gen_prim_wrapper__parameterized2
INFO: [VRFC 10-311] analyzing module blk_mem_gen_1_1_blk_mem_gen_prim_wrapper__parameterized3
INFO: [VRFC 10-311] analyzing module blk_mem_gen_1_1_blk_mem_gen_prim_wrapper__parameterized4
INFO: [VRFC 10-311] analyzing module blk_mem_gen_1_1_blk_mem_gen_prim_wrapper__parameterized5
INFO: [VRFC 10-311] analyzing module blk_mem_gen_1_1_blk_mem_gen_prim_wrapper__parameterized6
INFO: [VRFC 10-311] analyzing module blk_mem_gen_1_1_blk_mem_gen_top
INFO: [VRFC 10-311] analyzing module blk_mem_gen_1_1_blk_mem_gen_v8_4_7
INFO: [VRFC 10-311] analyzing module blk_mem_gen_1_1_blk_mem_gen_v8_4_7_synth
INFO: [VRFC 10-311] analyzing module glbl
